DEBUG:root:Inital datapoints shape:(10, 10000, 2)
DEBUG:root:Inital datapoints shape:(10, 10000, 2)
DEBUG:root:Inital datapoints shape:(10, 10000, 2)
DEBUG:root:Inital datapoints shape:(5, 10000, 2)
DEBUG:root:Inital datapoints shape:(5, 10000, 2)
DEBUG:root:Inital datapoints shape:(5, 10000, 2)
DEBUG:root:Inital datapoints shape:(5, 10000, 2)
DEBUG:root:Inital datapoints shape:(5, 10000, 2)
DEBUG:root:Inital datapoints shape:(5, 10000, 2)
DEBUG:root:Inital datapoints shape:(3, 10000, 2)
DEBUG:root:Inital datapoints shape:(3, 10000, 2)
DEBUG:root:XLDA Dim (3, 10000)
DEBUG:root:Inital datapoints shape:(3, 10000, 2)
DEBUG:root:XLDA Dim (3, 10000)
DEBUG:root:Inital datapoints shape:(3, 10000, 2)
DEBUG:root:XLDA Dim (3, 10000)
DEBUG:root:Inital datapoints shape:(3, 10000, 2)
DEBUG:root:XLDA Dim (3, 10000)
DEBUG:root:Inital datapoints shape:(3, 10000, 2)
DEBUG:root:XLDA Dim (3, 10000)
DEBUG:root:Inital datapoints shape:(3, 10000, 2)
DEBUG:root:XLDA Dim (3, 10000)
DEBUG:root:Inital datapoints shape:(3, 10000, 2)
DEBUG:root:XLDA Dim (3, 10000)
DEBUG:root:Inital datapoints shape:(3, 10000, 2)
DEBUG:root:XLDA Dim (3, 10000)
DEBUG:root:Inital datapoints shape:(3, 10000, 2)
DEBUG:root:XLDA Dim (3, 10000)
DEBUG:root:Inital datapoints shape:(3, 10000, 2)
DEBUG:root:XLDA Dim (3, 10000)
DEBUG:root:Inital datapoints shape:(3, 10000, 2)
DEBUG:root:XLDA Dim (3, 10000)
DEBUG:root:Inital datapoints shape:(3, 10000, 2)
DEBUG:root:XLDA Dim (3, 10000)
DEBUG:root:Inital datapoints shape:(3, 10000, 2)
DEBUG:root:XLDA Dim (3, 10000)
DEBUG:root:Inital datapoints shape:(3, 10000, 2)
DEBUG:root:XLDA Dim (3, 10000)
DEBUG:root:Inital datapoints shape:(3, 10000, 2)
DEBUG:root:XLDA Dim (3, 10000)
DEBUG:root:Inital datapoints shape:(3, 10000, 2)
DEBUG:root:XLDA Dim (3, 10000)
DEBUG:root:Inital datapoints shape:(3, 10000, 2)
DEBUG:root:XLDA Dim (3, 10000)
DEBUG:root:Inital datapoints shape:(3, 10000, 2)
DEBUG:root:XLDA Dim (3, 10000)
DEBUG:root:Inital datapoints shape:(3, 10000, 2)
DEBUG:root:XLDA Dim (3, 10000)
DEBUG:root:Inital datapoints shape:(3, 10000, 2)
DEBUG:root:XLDA Dim (3, 10000)
DEBUG:root:Inital datapoints shape:(3, 10000, 2)
DEBUG:root:XLDA Dim (3, 10000)
DEBUG:root:Inital datapoints shape:(3, 10000, 2)
DEBUG:root:XLDA Dim (3, 10000)
DEBUG:root:Inital datapoints shape:(3, 10000, 2)
DEBUG:root:XLDA Dim (3, 10000)
DEBUG:root:Inital datapoints shape:(3, 10000, 2)
DEBUG:root:XLDA Dim (3, 10000)
DEBUG:root:Inital datapoints shape:(3, 10000, 2)
DEBUG:root:XLDA Dim (3, 10000)
DEBUG:root:Inital datapoints shape:(3, 10000, 2)
DEBUG:root:XLDA Dim (3, 10000)
DEBUG:root:Inital datapoints shape:(3, 10000, 2)
DEBUG:root:XLDA Dim (3, 10000)
DEBUG:root:Inital datapoints shape:(3, 10000, 2)
DEBUG:root:XLDA Dim (3, 10000)
DEBUG:root:Inital datapoints shape:(3, 10000, 2)
DEBUG:root:XLDA Dim (3, 10000)
DEBUG:root:Inital datapoints shape:(3, 10000, 2)
DEBUG:root:XLDA Dim (3, 10000)
DEBUG:root:Inital datapoints shape:(3, 10000, 2)
DEBUG:root:XLDA Dim (3, 10000)
DEBUG:root:Inital datapoints shape:(3, 10000, 2)
DEBUG:root:XLDA Dim (3, 10000)
DEBUG:root:Inital datapoints shape:(3, 10000, 2)
DEBUG:root:XLDA Dim (3, 10000)
DEBUG:root:Inital datapoints shape:(3, 10000, 2)
DEBUG:root:XLDA Dim (3, 10000)
DEBUG:root:Inital datapoints shape:(3, 10000, 2)
DEBUG:root:XLDA Dim (3, 10000)
DEBUG:root:Inital datapoints shape:(3, 10000, 2)
DEBUG:root:XLDA Dim (3, 10000)
DEBUG:root:Inital datapoints shape:(3, 10000, 2)
DEBUG:root:XLDA Dim (3, 10000)
DEBUG:root:Inital datapoints shape:(3, 10000, 2)
DEBUG:root:XLDA Dim (3, 10000)
DEBUG:root:Inital datapoints shape:(3, 10000, 2)
DEBUG:root:XLDA Dim (3, 10000)
DEBUG:root:Inital datapoints shape:(3, 10000, 2)
DEBUG:root:XLDA Dim (3, 10000)
DEBUG:root:Inital datapoints shape:(3, 10000, 2)
DEBUG:root:XLDA Dim (3, 10000)
DEBUG:root:Inital datapoints shape:(3, 10000, 2)
DEBUG:root:XLDA Dim (3, 10000)
DEBUG:root:Inital datapoints shape:(3, 10000, 2)
DEBUG:root:XLDA Dim (3, 10000)
DEBUG:root:Inital datapoints shape:(3, 10000, 2)
DEBUG:root:XLDA Dim (3, 10000)
DEBUG:root:Inital datapoints shape:(3, 10000, 2)
DEBUG:root:XLDA Dim (3, 10000)
DEBUG:root:Inital datapoints shape:(3, 10000, 2)
DEBUG:root:XLDA Dim (3, 10000)
DEBUG:root:Inital datapoints shape:(3, 10000, 2)
DEBUG:root:XLDA Dim (3, 10000)
DEBUG:root:Inital datapoints shape:(3, 10000, 2)
DEBUG:root:XLDA Dim (3, 10000)
DEBUG:root:Inital datapoints shape:(3, 10000, 2)
DEBUG:root:XLDA Dim (3, 10000)
DEBUG:root:Inital datapoints shape:(3, 10000, 2)
DEBUG:root:XLDA Dim (3, 10000)
DEBUG:root:Inital datapoints shape:(3, 10000, 2)
DEBUG:root:XLDA Dim (3, 10000)
DEBUG:root:Inital datapoints shape:(3, 10000, 2)
DEBUG:root:XLDA Dim (3, 10000)
DEBUG:root:Inital datapoints shape:(3, 10000, 2)
DEBUG:root:XLDA Dim (3, 10000)
DEBUG:root:Inital datapoints shape:(3, 10000, 2)
DEBUG:root:XLDA Dim (3, 10000)
DEBUG:root:Inital datapoints shape:(3, 10000, 2)
DEBUG:root:XLDA Dim (3, 10000)
DEBUG:root:Inital datapoints shape:(3, 10000, 2)
DEBUG:root:XLDA Dim (3, 10000)
DEBUG:root:Inital datapoints shape:(3, 10000, 2)
DEBUG:root:XLDA Dim (3, 10000)
DEBUG:root:Inital datapoints shape:(3, 10000, 2)
DEBUG:root:XLDA Dim (3, 10000)
DEBUG:root:Inital datapoints shape:(3, 10000, 2)
DEBUG:root:XLDA Dim (3, 10000)
DEBUG:root:Inital datapoints shape:(3, 10000, 2)
DEBUG:root:XLDA Dim (3, 10000)
DEBUG:root:Inital datapoints shape:(3, 10000, 2)
DEBUG:root:XLDA Dim (3, 10000)
DEBUG:root:Inital datapoints shape:(3, 10000, 2)
DEBUG:root:XLDA Dim (3, 10000)
DEBUG:root:Inital datapoints shape:(3, 10000, 2)
DEBUG:root:XLDA Dim (3, 10000)
DEBUG:root:Inital datapoints shape:(3, 10000, 2)
DEBUG:root:XLDA Dim (3, 10000)
DEBUG:root:Inital datapoints shape:(3, 10000, 2)
DEBUG:root:XLDA Dim (3, 10000)
DEBUG:root:Inital datapoints shape:(3, 1000, 3)
DEBUG:root:XLDA Dim (3, 1000)
DEBUG:root:Inital datapoints shape:(3, 1000, 3)
DEBUG:root:XLDA Dim (3, 1000)
DEBUG:root:Inital datapoints shape:(3, 1000, 3)
DEBUG:root:XLDA Dim (3, 1000)
DEBUG:root:Inital datapoints shape:(3, 1000, 3)
DEBUG:root:XLDA Dim (3, 1000)
DEBUG:root:Inital datapoints shape:(3, 3, 3)
DEBUG:root:XLDA Dim (3, 3)
DEBUG:root:Inital datapoints shape:(3, 4, 3)
DEBUG:root:XLDA Dim (3, 4)
DEBUG:root:Inital datapoints shape:(3, 4, 3)
DEBUG:root:XLDA Dim (3, 4)
